<?xml version="1.0" encoding="UTF-8"?>
<testsuite xmlns:xsi="http://www.w3.org/2001/XMLSchema-instance" xsi:noNamespaceSchemaLocation="https://maven.apache.org/surefire/maven-surefire-plugin/xsd/surefire-test-report.xsd" name="com.xjtlu.cpt202.cpt202Project.ModaoApplicationTests" time="7.789" tests="1" errors="0" skipped="0" failures="0">
  <properties>
[...]
</properties>
  <testcase name="testListComments" classname="com.xjtlu.cpt202.cpt202Project.ModaoApplicationTests" time="1.399"/>
</testsuite>